Tue Mar 16 18:01:27 PDT 2021
Start Regression test


baseline dir = /oasis/projects/nsf/ddp181/minsukji/NEMSfv3gfs/develop-20200626/fv3_gfdlmprad_32bit_post
working dir  = /oasis/projects/nsf/ddp181/minsukji/stmp/minsukji/FV3_RT/rt_28206/fv3_gfdlmprad_32bit_post
Checking test 001 fv3_gfdlmprad_32bit_post results ....
 Comparing atmos_4xdaily.tile1.nc .........OK
 Comparing atmos_4xdaily.tile2.nc .........OK
 Comparing atmos_4xdaily.tile3.nc .........OK
 Comparing atmos_4xdaily.tile4.nc .........OK
 Comparing atmos_4xdaily.tile5.nc .........OK
 Comparing atmos_4xdaily.tile6.nc .........OK
 Comparing phyf000.nc .........OK
 Comparing phyf024.nc .........OK
 Comparing dynf000.nc .........OK
 Comparing dynf024.nc ............NOT OK
 Comparing GFSFLX.GrbF00 .........OK
 Comparing GFSPRS.GrbF00 .........OK
 Comparing GFSFLX.GrbF24 .........OK
 Comparing GFSPRS.GrbF24 .........OK
 Comparing RESTART/coupler.res .........OK
 Comparing RESTART/fv_core.res.nc .........OK
 Comparing RESTART/fv_core.res.tile1.nc .........OK
 Comparing RESTART/fv_core.res.tile2.nc .........OK
 Comparing RESTART/fv_core.res.tile3.nc .........OK
 Comparing RESTART/fv_core.res.tile4.nc .........OK
 Comparing RESTART/fv_core.res.tile5.nc .........OK
 Comparing RESTART/fv_core.res.tile6.nc .........OK
 Comparing RESTART/fv_srf_wnd.res.tile1.nc .........OK
 Comparing RESTART/fv_srf_wnd.res.tile2.nc .........OK
 Comparing RESTART/fv_srf_wnd.res.tile3.nc .........OK
 Comparing RESTART/fv_srf_wnd.res.tile4.nc .........OK
 Comparing RESTART/fv_srf_wnd.res.tile5.nc .........OK
 Comparing RESTART/fv_srf_wnd.res.tile6.nc .........OK
 Comparing RESTART/fv_tracer.res.tile1.nc .........OK
 Comparing RESTART/fv_tracer.res.tile2.nc .........OK
 Comparing RESTART/fv_tracer.res.tile3.nc .........OK
 Comparing RESTART/fv_tracer.res.tile4.nc .........OK
 Comparing RESTART/fv_tracer.res.tile5.nc .........OK
 Comparing RESTART/fv_tracer.res.tile6.nc .........OK
 Comparing RESTART/sfc_data.tile1.nc .........OK
 Comparing RESTART/sfc_data.tile2.nc .........OK
 Comparing RESTART/sfc_data.tile3.nc .........OK
 Comparing RESTART/sfc_data.tile4.nc .........OK
 Comparing RESTART/sfc_data.tile5.nc .........OK
 Comparing RESTART/sfc_data.tile6.nc .........OK
 Comparing RESTART/phy_data.tile1.nc .........OK
 Comparing RESTART/phy_data.tile2.nc .........OK
 Comparing RESTART/phy_data.tile3.nc .........OK
 Comparing RESTART/phy_data.tile4.nc .........OK
 Comparing RESTART/phy_data.tile5.nc .........OK
 Comparing RESTART/phy_data.tile6.nc .........OK
Test 001 fv3_gfdlmprad_32bit_post FAIL

FAILED TESTS: 
Test fv3_gfdlmprad_32bit_post failed 

REGRESSION TEST FAILED
Tue Mar 16 19:10:47 PDT 2021
Elapsed time: 01h:09m:20s. Have a nice day!
